<?xml version="1.0" encoding="UTF-8"?>
<testng-results ignored="0" total="1" passed="1" failed="0" skipped="0">
  <reporter-output>
  </reporter-output>
  <suite started-at="2022-11-08T10:43:04 IST" name="Default suite" finished-at="2022-11-08T10:43:19 IST" duration-ms="14919">
    <groups>
    </groups>
    <test started-at="2022-11-08T10:43:04 IST" name="Default test" finished-at="2022-11-08T10:43:19 IST" duration-ms="14919">
      <class name="orange.forl.TestBase">
        <test-method signature="driverhub()[pri:0, instance:orange.forl.TestBase@5d534f5d]" started-at="2022-11-08T10:43:04 IST" name="driverhub" finished-at="2022-11-08T10:43:19 IST" duration-ms="14883" status="PASS">
          <reporter-output>
          </reporter-output>
        </test-method> <!-- driverhub -->
      </class> <!-- orange.forl.TestBase -->
    </test> <!-- Default test -->
  </suite> <!-- Default suite -->
</testng-results>
